2021-03-16 14:41:11 -> author: Val.Liu , message: v1.01.01
2021-03-16 14:40:49 -> author: Val.Liu , message: upgrade to v1.1
2021-03-16 14:38:44 -> author: Val.Liu , message: mask-enhance model as default
2021-03-04 16:27:36 -> author: Val.Liu , message: v1.00.05
2021-03-04 16:27:10 -> author: Val.Liu , message: * update latest valxnet.
2021-03-04 16:10:43 -> author: Val.Liu , message: * dataRetension default to 60.
2021-02-20 09:51:51 -> author: Val     , message: make cgiPath default to api
2021-02-17 10:57:28 -> author: Val     , message: update snapshot into multiple directory
2021-02-04 21:48:03 -> author: Val     , message: update tvm dll
2021-02-04 16:58:29 -> author: Val     , message: update valxnet.node
2021-01-27 16:00:07 -> author: Val     , message: fix bug 11485
2021-01-25 10:27:59 -> author: Val Liu , message: v1.00.04
2021-01-25 10:06:52 -> author: Val     , message: resolved memory leak
2021-01-05 16:54:49 -> author: Val     , message: data recycle for snapshots
2021-01-05 15:51:20 -> author: Val     , message: add timestamp to snapshot save file
2020-12-30 13:54:20 -> author: Val Liu , message: v1.00.03
2020-12-30 13:53:37 -> author: Val Liu , message: * add enable | disable state to Cameras.* apply ionly to Cameras.* server retrict to localhost by default. other ip will be denied.
2020-12-29 15:32:40 -> author: Val Liu , message: v1.00.02
2020-12-29 15:32:06 -> author: Val Liu , message: v1.00.01
2020-12-24 18:08:08 -> author: Val Liu , message: update nsis
2020-12-24 17:23:30 -> author: Val Liu , message: update nsis file
2020-12-22 17:25:11 -> author: Val Liu , message: v1.00.00
2020-12-09 14:42:26 -> author: Val Liu , message: init